[2023-01-30 12:44:42.704] [codeGen] [info] Generating code for IR file: ../testing_files/elfC/test.ll
[2023-01-30 12:44:42.704] [codeGen] [info] Basic block: dec_label_pc_1149
[2023-01-30 12:44:42.704] [codeGen] [info] Instruction: alloca
[2023-01-30 12:44:42.704] [codeGen] [info] OtherInstruction::OtherInstruction
[2023-01-30 12:44:42.704] [codeGen] [info] OtherInstruction::toString
[2023-01-30 12:44:42.704] [codeGen] [info] Instruction: alloca
[2023-01-30 12:44:42.704] [codeGen] [info] OtherInstruction::OtherInstruction
[2023-01-30 12:44:42.704] [codeGen] [info] OtherInstruction::toString
[2023-01-30 12:44:42.704] [codeGen] [info] Instruction: alloca
[2023-01-30 12:44:42.704] [codeGen] [info] OtherInstruction::OtherInstruction
[2023-01-30 12:44:42.704] [codeGen] [info] OtherInstruction::toString
[2023-01-30 12:44:42.704] [codeGen] [info] Instruction: alloca
[2023-01-30 12:44:42.704] [codeGen] [info] OtherInstruction::OtherInstruction
[2023-01-30 12:44:42.704] [codeGen] [info] OtherInstruction::toString
[2023-01-30 12:44:42.704] [codeGen] [info] Instruction: alloca
[2023-01-30 12:44:42.704] [codeGen] [info] OtherInstruction::OtherInstruction
[2023-01-30 12:44:42.704] [codeGen] [info] OtherInstruction::toString
[2023-01-30 12:44:42.704] [codeGen] [info] Instruction: alloca
[2023-01-30 12:44:42.704] [codeGen] [info] OtherInstruction::OtherInstruction
[2023-01-30 12:44:42.704] [codeGen] [info] OtherInstruction::toString
[2023-01-30 12:44:42.704] [codeGen] [info] Instruction: icmp
[2023-01-30 12:44:42.704] [codeGen] [info] OtherInstruction::OtherInstruction
[2023-01-30 12:44:42.704] [codeGen] [info] OtherInstruction::toString
[2023-01-30 12:44:42.704] [codeGen] [info] Instruction: store
[2023-01-30 12:44:42.704] [codeGen] [info] OtherInstruction::OtherInstruction
[2023-01-30 12:44:42.704] [codeGen] [info] OtherInstruction::toString
[2023-01-30 12:44:42.704] [codeGen] [info] Instruction: br
[2023-01-30 12:44:42.705] [codeGen] [info] TerminatorInstruction::TerminatorInstruction
[2023-01-30 12:44:42.705] [codeGen] [info] TerminatorInstruction::toString
[2023-01-30 12:44:42.705] [codeGen] [info] Basic block: dec_label_pc_1188.preheader.lr.ph
[2023-01-30 12:44:42.705] [codeGen] [info] Instruction: ashr
[2023-01-30 12:44:42.705] [codeGen] [info] BinaryInstruction::BinaryInstruction
[2023-01-30 12:44:42.705] [codeGen] [info] BinaryInstruction::toString
[2023-01-30 12:44:42.705] [codeGen] [info] Instruction: zext
[2023-01-30 12:44:42.705] [codeGen] [info] ConversionInstruction::ConversionInstruction
[2023-01-30 12:44:42.705] [codeGen] [info] ConversionInstruction::toString
[2023-01-30 12:44:42.705] [codeGen] [info] Instruction: icmp
[2023-01-30 12:44:42.705] [codeGen] [info] OtherInstruction::OtherInstruction
[2023-01-30 12:44:42.705] [codeGen] [info] OtherInstruction::toString
[2023-01-30 12:44:42.705] [codeGen] [info] Instruction: store
[2023-01-30 12:44:42.705] [codeGen] [info] OtherInstruction::OtherInstruction
[2023-01-30 12:44:42.705] [codeGen] [info] OtherInstruction::toString
[2023-01-30 12:44:42.705] [codeGen] [info] Instruction: store
[2023-01-30 12:44:42.705] [codeGen] [info] OtherInstruction::OtherInstruction
[2023-01-30 12:44:42.705] [codeGen] [info] OtherInstruction::toString
[2023-01-30 12:44:42.705] [codeGen] [info] Instruction: br
[2023-01-30 12:44:42.705] [codeGen] [info] TerminatorInstruction::TerminatorInstruction
[2023-01-30 12:44:42.705] [codeGen] [info] TerminatorInstruction::toString
[2023-01-30 12:44:42.705] [codeGen] [info] Basic block: dec_label_pc_1188.preheader
[2023-01-30 12:44:42.705] [codeGen] [info] Instruction: load
[2023-01-30 12:44:42.705] [codeGen] [info] OtherInstruction::OtherInstruction
[2023-01-30 12:44:42.705] [codeGen] [info] OtherInstruction::toString
[2023-01-30 12:44:42.705] [codeGen] [info] Instruction: load
[2023-01-30 12:44:42.705] [codeGen] [info] OtherInstruction::OtherInstruction
[2023-01-30 12:44:42.705] [codeGen] [info] OtherInstruction::toString
[2023-01-30 12:44:42.705] [codeGen] [info] Instruction: store
[2023-01-30 12:44:42.705] [codeGen] [info] OtherInstruction::OtherInstruction
[2023-01-30 12:44:42.705] [codeGen] [info] OtherInstruction::toString
[2023-01-30 12:44:42.705] [codeGen] [info] Instruction: br
[2023-01-30 12:44:42.705] [codeGen] [info] TerminatorInstruction::TerminatorInstruction
[2023-01-30 12:44:42.705] [codeGen] [info] TerminatorInstruction::toString
[2023-01-30 12:44:42.705] [codeGen] [info] Basic block: dec_label_pc_116d.lr.ph
[2023-01-30 12:44:42.705] [codeGen] [info] Instruction: icmp
[2023-01-30 12:44:42.705] [codeGen] [info] OtherInstruction::OtherInstruction
[2023-01-30 12:44:42.705] [codeGen] [info] OtherInstruction::toString
[2023-01-30 12:44:42.705] [codeGen] [info] Instruction: mul
[2023-01-30 12:44:42.705] [codeGen] [info] BinaryInstruction::BinaryInstruction
[2023-01-30 12:44:42.705] [codeGen] [info] BinaryInstruction::toString
[2023-01-30 12:44:42.705] [codeGen] [info] Instruction: store
[2023-01-30 12:44:42.705] [codeGen] [info] OtherInstruction::OtherInstruction
[2023-01-30 12:44:42.705] [codeGen] [info] OtherInstruction::toString
[2023-01-30 12:44:42.705] [codeGen] [info] Instruction: store
[2023-01-30 12:44:42.705] [codeGen] [info] OtherInstruction::OtherInstruction
[2023-01-30 12:44:42.705] [codeGen] [info] OtherInstruction::toString
[2023-01-30 12:44:42.705] [codeGen] [info] Instruction: br
[2023-01-30 12:44:42.705] [codeGen] [info] TerminatorInstruction::TerminatorInstruction
[2023-01-30 12:44:42.705] [codeGen] [info] TerminatorInstruction::toString
[2023-01-30 12:44:42.705] [codeGen] [info] Basic block: dec_label_pc_116d
[2023-01-30 12:44:42.705] [codeGen] [info] Instruction: load
[2023-01-30 12:44:42.705] [codeGen] [info] OtherInstruction::OtherInstruction
[2023-01-30 12:44:42.705] [codeGen] [info] OtherInstruction::toString
[2023-01-30 12:44:42.705] [codeGen] [info] Instruction: load
[2023-01-30 12:44:42.705] [codeGen] [info] OtherInstruction::OtherInstruction
[2023-01-30 12:44:42.705] [codeGen] [info] OtherInstruction::toString
[2023-01-30 12:44:42.705] [codeGen] [info] Instruction: add
[2023-01-30 12:44:42.705] [codeGen] [info] BinaryInstruction::BinaryInstruction
[2023-01-30 12:44:42.705] [codeGen] [info] BinaryInstruction::toString
[2023-01-30 12:44:42.705] [codeGen] [info] Instruction: select
[2023-01-30 12:44:42.705] [codeGen] [info] OtherInstruction::OtherInstruction
[2023-01-30 12:44:42.705] [codeGen] [info] OtherInstruction::toString
[2023-01-30 12:44:42.705] [codeGen] [info] Instruction: add
[2023-01-30 12:44:42.705] [codeGen] [info] BinaryInstruction::BinaryInstruction
[2023-01-30 12:44:42.705] [codeGen] [info] BinaryInstruction::toString
[2023-01-30 12:44:42.705] [codeGen] [info] Instruction: add
[2023-01-30 12:44:42.705] [codeGen] [info] BinaryInstruction::BinaryInstruction
[2023-01-30 12:44:42.705] [codeGen] [info] BinaryInstruction::toString
[2023-01-30 12:44:42.705] [codeGen] [info] Instruction: sext
[2023-01-30 12:44:42.705] [codeGen] [info] ConversionInstruction::ConversionInstruction
[2023-01-30 12:44:42.705] [codeGen] [info] ConversionInstruction::toString
[2023-01-30 12:44:42.705] [codeGen] [info] Instruction: icmp
[2023-01-30 12:44:42.705] [codeGen] [info] OtherInstruction::OtherInstruction
[2023-01-30 12:44:42.705] [codeGen] [info] OtherInstruction::toString
[2023-01-30 12:44:42.705] [codeGen] [info] Instruction: store
[2023-01-30 12:44:42.705] [codeGen] [info] OtherInstruction::OtherInstruction
[2023-01-30 12:44:42.705] [codeGen] [info] OtherInstruction::toString
[2023-01-30 12:44:42.705] [codeGen] [info] Instruction: store
[2023-01-30 12:44:42.705] [codeGen] [info] OtherInstruction::OtherInstruction
[2023-01-30 12:44:42.705] [codeGen] [info] OtherInstruction::toString
[2023-01-30 12:44:42.705] [codeGen] [info] Instruction: store
[2023-01-30 12:44:42.705] [codeGen] [info] OtherInstruction::OtherInstruction
[2023-01-30 12:44:42.705] [codeGen] [info] OtherInstruction::toString
[2023-01-30 12:44:42.705] [codeGen] [info] Instruction: br
[2023-01-30 12:44:42.705] [codeGen] [info] TerminatorInstruction::TerminatorInstruction
[2023-01-30 12:44:42.705] [codeGen] [info] TerminatorInstruction::toString
[2023-01-30 12:44:42.705] [codeGen] [info] Basic block: dec_label_pc_1199
[2023-01-30 12:44:42.705] [codeGen] [info] Instruction: load
[2023-01-30 12:44:42.705] [codeGen] [info] OtherInstruction::OtherInstruction
[2023-01-30 12:44:42.705] [codeGen] [info] OtherInstruction::toString
[2023-01-30 12:44:42.705] [codeGen] [info] Instruction: add
[2023-01-30 12:44:42.705] [codeGen] [info] BinaryInstruction::BinaryInstruction
[2023-01-30 12:44:42.705] [codeGen] [info] BinaryInstruction::toString
[2023-01-30 12:44:42.705] [codeGen] [info] Instruction: icmp
[2023-01-30 12:44:42.705] [codeGen] [info] OtherInstruction::OtherInstruction
[2023-01-30 12:44:42.705] [codeGen] [info] OtherInstruction::toString
[2023-01-30 12:44:42.705] [codeGen] [info] Instruction: store
[2023-01-30 12:44:42.705] [codeGen] [info] OtherInstruction::OtherInstruction
[2023-01-30 12:44:42.705] [codeGen] [info] OtherInstruction::toString
[2023-01-30 12:44:42.705] [codeGen] [info] Instruction: store
[2023-01-30 12:44:42.705] [codeGen] [info] OtherInstruction::OtherInstruction
[2023-01-30 12:44:42.705] [codeGen] [info] OtherInstruction::toString
[2023-01-30 12:44:42.705] [codeGen] [info] Instruction: store
[2023-01-30 12:44:42.705] [codeGen] [info] OtherInstruction::OtherInstruction
[2023-01-30 12:44:42.705] [codeGen] [info] OtherInstruction::toString
[2023-01-30 12:44:42.705] [codeGen] [info] Instruction: br
[2023-01-30 12:44:42.705] [codeGen] [info] TerminatorInstruction::TerminatorInstruction
[2023-01-30 12:44:42.705] [codeGen] [info] TerminatorInstruction::toString
[2023-01-30 12:44:42.705] [codeGen] [info] Basic block: dec_label_pc_11a5
[2023-01-30 12:44:42.705] [codeGen] [info] Instruction: load
[2023-01-30 12:44:42.705] [codeGen] [info] OtherInstruction::OtherInstruction
[2023-01-30 12:44:42.705] [codeGen] [info] OtherInstruction::toString
[2023-01-30 12:44:42.705] [codeGen] [info] Instruction: ret
[2023-01-30 12:44:42.705] [codeGen] [info] TerminatorInstruction::TerminatorInstruction
[2023-01-30 12:44:42.705] [codeGen] [info] TerminatorInstruction::toString
[2023-01-30 12:44:42.705] [codeGen] [info] Basic block: dec_label_pc_11aa
[2023-01-30 12:44:42.705] [codeGen] [info] Instruction: call
[2023-01-30 12:44:42.705] [codeGen] [info] OtherInstruction::OtherInstruction
[2023-01-30 12:44:42.705] [codeGen] [info] OtherInstruction::toString
[2023-01-30 12:44:42.705] [codeGen] [info] Instruction: zext
[2023-01-30 12:44:42.705] [codeGen] [info] ConversionInstruction::ConversionInstruction
[2023-01-30 12:44:42.705] [codeGen] [info] ConversionInstruction::toString
[2023-01-30 12:44:42.705] [codeGen] [info] Instruction: call
[2023-01-30 12:44:42.705] [codeGen] [info] OtherInstruction::OtherInstruction
[2023-01-30 12:44:42.705] [codeGen] [info] OtherInstruction::toString
[2023-01-30 12:44:42.705] [codeGen] [info] Instruction: ret
[2023-01-30 12:44:42.705] [codeGen] [info] TerminatorInstruction::TerminatorInstruction
[2023-01-30 12:44:42.705] [codeGen] [info] TerminatorInstruction::toString
