[2023-01-17 11:21:41.783] [udm] [info] Function name: <fibo>(), length of intervals: 1
[2023-01-17 11:21:41.783] [udm] [info] Interval size: 3
[2023-01-17 11:21:41.783] [udm] [info] BB in interval: dec_label_pc_1149
[2023-01-17 11:21:41.783] [udm] [info] BB in interval: dec_label_pc_115f
[2023-01-17 11:21:41.783] [udm] [info] BB in interval: dec_label_pc_1184
[2023-01-17 11:21:41.783] [udm] [critical] Backedge: <> -> <>
[2023-01-17 11:21:41.783] [udm] [warning] BB: <dec_label_pc_1184>
[2023-01-17 11:21:41.783] [udm] [warning] Outer edges: <0>
[2023-01-17 11:21:41.783] [udm] [warning] BB: <dec_label_pc_115f>
[2023-01-17 11:21:41.783] [udm] [warning] Outer edges: <1>
[2023-01-17 11:21:41.783] [udm] [warning] BB: <dec_label_pc_1149>
[2023-01-17 11:21:41.783] [udm] [warning] Outer edges: <2>
[2023-01-17 11:21:41.783] [udm] [warning] is imedDom null?: <false>
[2023-01-17 11:21:41.783] [udm] [warning] BB: <dec_label_pc_1149> imedDom: <dec_label_pc_1184>
[2023-01-17 11:21:41.783] [udm] [warning] Preds: <2>
[2023-01-17 11:21:41.783] [udm] [info] Information about BB with label: <dec_label_pc_1184>:
[2023-01-17 11:21:41.783] [udm] [info] isHeader: false
[2023-01-17 11:21:41.783] [udm] [info] isLoop: false
[2023-01-17 11:21:41.783] [udm] [info] isIfStatement: false
[2023-01-17 11:21:41.783] [udm] [info] loopType: NONE
[2023-01-17 11:21:41.783] [udm] [info] followNode: EMPTY
[2023-01-17 11:21:41.783] [udm] [info] Information about BB with label: <dec_label_pc_115f>:
[2023-01-17 11:21:41.783] [udm] [info] isHeader: false
[2023-01-17 11:21:41.783] [udm] [info] isLoop: false
[2023-01-17 11:21:41.783] [udm] [info] isIfStatement: false
[2023-01-17 11:21:41.783] [udm] [info] loopType: NONE
[2023-01-17 11:21:41.783] [udm] [info] followNode: EMPTY
[2023-01-17 11:21:41.783] [udm] [info] Information about BB with label: <dec_label_pc_1149>:
[2023-01-17 11:21:41.783] [udm] [info] isHeader: true
[2023-01-17 11:21:41.783] [udm] [info] isLoop: false
[2023-01-17 11:21:41.783] [udm] [info] isIfStatement: false
[2023-01-17 11:21:41.783] [udm] [info] loopType: NONE
[2023-01-17 11:21:41.783] [udm] [info] followNode: dec_label_pc_1184
[2023-01-17 11:21:41.783] [udm] [info] Function name: <main>(), length of intervals: 1
[2023-01-17 11:21:41.783] [udm] [info] Interval size: 1
[2023-01-17 11:21:41.783] [udm] [info] BB in interval: dec_label_pc_118a
[2023-01-17 11:21:41.783] [udm] [critical] Backedge: <> -> <>
[2023-01-17 11:21:41.783] [udm] [warning] BB: <dec_label_pc_118a>
[2023-01-17 11:21:41.783] [udm] [warning] Outer edges: <0>
[2023-01-17 11:21:41.783] [udm] [info] Information about BB with label: <dec_label_pc_118a>:
[2023-01-17 11:21:41.783] [udm] [info] isHeader: true
[2023-01-17 11:21:41.783] [udm] [info] isLoop: false
[2023-01-17 11:21:41.783] [udm] [info] isIfStatement: false
[2023-01-17 11:21:41.783] [udm] [info] loopType: NONE
[2023-01-17 11:21:41.783] [udm] [info] followNode: EMPTY
